Vivado Simulator v2024.1
Copyright 1986-2022 Xilinx, Inc. All Rights Reserved.
Copyright 2022-2024 Advanced Micro Devices, Inc. All Rights Reserved.
Running: C:/Xilinx/Vivado/2024.1/bin/unwrapped/win64.o/xelab.exe --incr --debug typical --relax --mt 2 -L xil_defaultlib -L uvm -L unisims_ver -L unimacro_ver -L secureip -L xpm --snapshot RO_PUF_tb_behav xil_defaultlib.RO_PUF_tb xil_defaultlib.glbl -log elaborate.log 
Using 2 slave threads.
Starting static elaboration
Pass Through NonSizing Optimizer
Completed static elaboration
Starting simulation data flow analysis
Completed simulation data flow analysis
Time Resolution for simulation is 1ps
Compiling package std.standard
Compiling package std.textio
Compiling package ieee.std_logic_1164
Compiling package ieee.std_logic_arith
Compiling package ieee.std_logic_unsigned
Compiling architecture my_clk_div of entity xil_defaultlib.clk_div [clk_div_default]
Compiling architecture my_sseg of entity xil_defaultlib.sseg_des [sseg_des_default]
Compiling module xil_defaultlib.RO_Sim
Compiling module xil_defaultlib.RO_PUF
Compiling module xil_defaultlib.RO_PUF_tb
Compiling module xil_defaultlib.glbl
Built simulation snapshot RO_PUF_tb_behav
