
*** Running vivado
    with args -log ringOscillatorWithLED.vds -m64 -product Vivado -mode batch -messageDb vivado.pb -notrace -source ringOscillatorWithLED.tcl



****** Vivado v2024.1 (64-bit)
  **** SW Build 5076996 on Wed May 22 18:37:14 MDT 2024
  **** IP Build 5075265 on Wed May 22 21:45:21 MDT 2024
  **** SharedData Build 5076995 on Wed May 22 18:29:18 MDT 2024
  **** Start of session at: Mon Oct 28 16:43:35 2024
    ** Copyright 1986-2022 Xilinx, Inc. All Rights Reserved.
    ** Copyright 2022-2024 Advanced Micro Devices, Inc. All Rights Reserved.

source ringOscillatorWithLED.tcl -notrace
create_project: Time (s): cpu = 00:00:06 ; elapsed = 00:00:11 . Memory (MB): peak = 513.309 ; gain = 201.938
Command: read_checkpoint -auto_incremental -incremental C:/Users/miles/Documents/CPE426/PUF/PUF/PUF.srcs/utils_1/imports/synth_1/sha128_simple.dcp
INFO: [Vivado 12-5825] Read reference checkpoint from C:/Users/miles/Documents/CPE426/PUF/PUF/PUF.srcs/utils_1/imports/synth_1/sha128_simple.dcp for incremental synthesis
INFO: [Vivado 12-7989] Please ensure there are no constraint changes
Command: synth_design -top ringOscillatorWithLED -part xc7a35tcpg236-1
Starting synth_design
Attempting to get a license for feature 'Synthesis' and/or device 'xc7a35t'
INFO: [Common 17-349] Got license for feature 'Synthesis' and/or device 'xc7a35t'
INFO: [Device 21-403] Loading part xc7a35tcpg236-1
INFO: [Device 21-9227] Part: xc7a35tcpg236-1 does not have CEAM library.
